Started GET "/" for 127.0.0.1 at 2017-01-30 23:37:43 -0600
Processing by Rails::WelcomeController#index as HTML
  Parameters: {"internal"=>true}
  Rendering C:/Ruby23/lib/ruby/gems/2.3.0/gems/railties-5.0.1/lib/rails/templates/rails/welcome/index.html.erb
  Rendered C:/Ruby23/lib/ruby/gems/2.3.0/gems/railties-5.0.1/lib/rails/templates/rails/welcome/index.html.erb (12.5ms)
Completed 200 OK in 227ms (Views: 92.7ms | ActiveRecord: 0.0ms)


  [1m[35m (15.7ms)[0m  [1m[35mCREATE TABLE "schema_migrations" ("version" varchar NOT NULL PRIMARY KEY)[0m
  [1m[35m (31.3ms)[0m  [1m[35mCREATE TABLE "ar_internal_metadata" ("key" varchar NOT NULL PRIMARY KEY, "value" varchar, "created_at" datetime NOT NULL, "updated_at" datetime NOT NULL)[0m
  [1m[36mActiveRecord::SchemaMigration Load (0.0ms)[0m  [1m[34mSELECT "schema_migrations".* FROM "schema_migrations"[0m
Migrating to CreateTopics (20170131060324)
  [1m[35m (0.0ms)[0m  [1m[36mbegin transaction[0m
  [1m[35m (0.0ms)[0m  [1m[35mCREATE TABLE "topics" ("id" INTEGER PRIMARY KEY AUTOINCREMENT NOT NULL, "title" varchar, "description" text, "created_at" datetime NOT NULL, "updated_at" datetime NOT NULL)[0m
  [1m[35mSQL (0.0ms)[0m  [1m[32mINSERT INTO "schema_migrations" ("version") VALUES (?)[0m  [["version", "20170131060324"]]
  [1m[35m (21.9ms)[0m  [1m[36mcommit transaction[0m
  [1m[36mActiveRecord::InternalMetadata Load (0.0ms)[0m  [1m[34mSELECT  "ar_internal_metadata".* FROM "ar_internal_metadata" WHERE "ar_internal_metadata"."key" = ? LIMIT ?[0m  [["key", :environment], ["LIMIT", 1]]
  [1m[35m (0.0ms)[0m  [1m[36mbegin transaction[0m
  [1m[35mSQL (0.0ms)[0m  [1m[32mINSERT INTO "ar_internal_metadata" ("key", "value", "created_at", "updated_at") VALUES (?, ?, ?, ?)[0m  [["key", "environment"], ["value", "development"], ["created_at", 2017-01-31 06:11:55 UTC], ["updated_at", 2017-01-31 06:11:55 UTC]]
  [1m[35m (15.7ms)[0m  [1m[36mcommit transaction[0m
  [1m[36mActiveRecord::SchemaMigration Load (0.0ms)[0m  [1m[34mSELECT "schema_migrations".* FROM "schema_migrations"[0m
Started GET "/" for 127.0.0.1 at 2017-01-31 00:16:29 -0600
  [1m[36mActiveRecord::SchemaMigration Load (0.0ms)[0m  [1m[34mSELECT "schema_migrations".* FROM "schema_migrations"[0m
Processing by Rails::WelcomeController#index as HTML
  Parameters: {"internal"=>true}
  Rendering C:/Ruby23/lib/ruby/gems/2.3.0/gems/railties-5.0.1/lib/rails/templates/rails/welcome/index.html.erb
  Rendered C:/Ruby23/lib/ruby/gems/2.3.0/gems/railties-5.0.1/lib/rails/templates/rails/welcome/index.html.erb (4.0ms)
Completed 200 OK in 64ms (Views: 28.6ms | ActiveRecord: 0.0ms)


Started GET "/topics" for 127.0.0.1 at 2017-01-31 00:16:59 -0600
Processing by TopicsController#index as HTML
  Rendering topics/index.html.erb within layouts/application
  [1m[36mTopic Load (0.0ms)[0m  [1m[34mSELECT "topics".* FROM "topics"[0m
  Rendered topics/index.html.erb within layouts/application (21.2ms)
Completed 200 OK in 1547ms (Views: 1534.3ms | ActiveRecord: 0.0ms)


Started GET "/topics/new" for 127.0.0.1 at 2017-01-31 00:18:14 -0600
Processing by TopicsController#new as HTML
  Rendering topics/new.html.erb within layouts/application
  Rendered topics/_form.html.erb (74.9ms)
  Rendered topics/new.html.erb within layouts/application (92.4ms)
Completed 200 OK in 264ms (Views: 215.9ms | ActiveRecord: 0.0ms)


Started POST "/topics" for 127.0.0.1 at 2017-01-31 00:18:59 -0600
Processing by TopicsController#create as HTML
  Parameters: {"utf8"=>"✓", "authenticity_token"=>"xlJ0fuB5gM5KsKKLF0nedGD53r03Yxg1Q7Xtrcbw282D9kUOTFmMlQ8fFFoA+2D15tygE2Zd34BuFRZvVeYIhQ==", "topic"=>{"title"=>"first topic", "description"=>"good discussion piece"}, "commit"=>"Create Topic"}
  [1m[35m (0.0ms)[0m  [1m[36mbegin transaction[0m
  [1m[35mSQL (4.1ms)[0m  [1m[32mINSERT INTO "topics" ("title", "description", "created_at", "updated_at") VALUES (?, ?, ?, ?)[0m  [["title", "first topic"], ["description", "good discussion piece"], ["created_at", 2017-01-31 06:18:59 UTC], ["updated_at", 2017-01-31 06:18:59 UTC]]
  [1m[35m (24.0ms)[0m  [1m[36mcommit transaction[0m
Redirected to http://localhost:3000/topics/1
Completed 302 Found in 96ms (ActiveRecord: 28.1ms)


Started GET "/topics/1" for 127.0.0.1 at 2017-01-31 00:18:59 -0600
Processing by TopicsController#show as HTML
  Parameters: {"id"=>"1"}
  [1m[36mTopic Load (0.0ms)[0m  [1m[34mSELECT  "topics".* FROM "topics" WHERE "topics"."id" = ? LIMIT ?[0m  [["id", 1], ["LIMIT", 1]]
  Rendering topics/show.html.erb within layouts/application
  Rendered topics/show.html.erb within layouts/application (0.0ms)
Completed 200 OK in 304ms (Views: 195.2ms | ActiveRecord: 0.0ms)


Started GET "/topics" for 127.0.0.1 at 2017-01-31 00:19:15 -0600
Processing by TopicsController#index as HTML
  Rendering topics/index.html.erb within layouts/application
  [1m[36mTopic Load (0.0ms)[0m  [1m[34mSELECT "topics".* FROM "topics"[0m
  Rendered topics/index.html.erb within layouts/application (0.0ms)
Completed 200 OK in 115ms (Views: 91.6ms | ActiveRecord: 0.0ms)


Started GET "/topics/1" for 127.0.0.1 at 2017-01-31 00:19:39 -0600
Processing by TopicsController#show as HTML
  Parameters: {"id"=>"1"}
  [1m[36mTopic Load (0.0ms)[0m  [1m[34mSELECT  "topics".* FROM "topics" WHERE "topics"."id" = ? LIMIT ?[0m  [["id", 1], ["LIMIT", 1]]
  Rendering topics/show.html.erb within layouts/application
  Rendered topics/show.html.erb within layouts/application (0.0ms)
Completed 200 OK in 116ms (Views: 90.5ms | ActiveRecord: 0.0ms)


Started GET "/topics" for 127.0.0.1 at 2017-01-31 00:19:42 -0600
Processing by TopicsController#index as HTML
  Rendering topics/index.html.erb within layouts/application
  [1m[36mTopic Load (0.5ms)[0m  [1m[34mSELECT "topics".* FROM "topics"[0m
  Rendered topics/index.html.erb within layouts/application (3.5ms)
Completed 200 OK in 99ms (Views: 78.3ms | ActiveRecord: 0.5ms)


Started GET "/topics/1/edit" for 127.0.0.1 at 2017-01-31 00:19:44 -0600
Processing by TopicsController#edit as HTML
  Parameters: {"id"=>"1"}
  [1m[36mTopic Load (0.0ms)[0m  [1m[34mSELECT  "topics".* FROM "topics" WHERE "topics"."id" = ? LIMIT ?[0m  [["id", 1], ["LIMIT", 1]]
  Rendering topics/edit.html.erb within layouts/application
  Rendered topics/_form.html.erb (0.0ms)
  Rendered topics/edit.html.erb within layouts/application (16.7ms)
Completed 200 OK in 211ms (Views: 171.8ms | ActiveRecord: 0.0ms)


Started GET "/topics" for 127.0.0.1 at 2017-01-31 00:19:47 -0600
Processing by TopicsController#index as HTML
  Rendering topics/index.html.erb within layouts/application
  [1m[36mTopic Load (0.0ms)[0m  [1m[34mSELECT "topics".* FROM "topics"[0m
  Rendered topics/index.html.erb within layouts/application (3.0ms)
Completed 200 OK in 103ms (Views: 86.1ms | ActiveRecord: 0.0ms)


Started GET "/topics/1" for 127.0.0.1 at 2017-01-31 00:19:50 -0600
Processing by TopicsController#show as HTML
  Parameters: {"id"=>"1"}
  [1m[36mTopic Load (0.5ms)[0m  [1m[34mSELECT  "topics".* FROM "topics" WHERE "topics"."id" = ? LIMIT ?[0m  [["id", 1], ["LIMIT", 1]]
  Rendering topics/show.html.erb within layouts/application
  Rendered topics/show.html.erb within layouts/application (0.0ms)
Completed 200 OK in 107ms (Views: 88.0ms | ActiveRecord: 0.5ms)


Started GET "/topics" for 127.0.0.1 at 2017-01-31 00:19:52 -0600
Processing by TopicsController#index as HTML
  Rendering topics/index.html.erb within layouts/application
  [1m[36mTopic Load (0.5ms)[0m  [1m[34mSELECT "topics".* FROM "topics"[0m
  Rendered topics/index.html.erb within layouts/application (1.7ms)
Completed 200 OK in 99ms (Views: 83.1ms | ActiveRecord: 0.5ms)


